This is pdfTeX, Version 3.141592653-2.6-1.40.25 (TeX Live 2023/Arch Linux) (preloaded format=pdflatex 2023.9.26)  17 NOV 2023 19:08
entering extended mode
 restricted \write18 enabled.
 file:line:error style messages enabled.
 %&-line parsing enabled.
**/home/yigit/Documents/LinuxGuide/guide.tex
(/home/yigit/Documents/LinuxGuide/guide.tex
LaTeX2e <2022-11-01> patch level 1
L3 programming layer <2023-02-22> (/usr/share/texmf-dist/tex/latex/base/article.cls
Document Class: article 2022/07/02 v1.4n Standard LaTeX document class
(/usr/share/texmf-dist/tex/latex/base/size12.clo
File: size12.clo 2022/07/02 v1.4n Standard LaTeX file (size option)
)
\c@part=\count185
\c@section=\count186
\c@subsection=\count187
\c@subsubsection=\count188
\c@paragraph=\count189
\c@subparagraph=\count190
\c@figure=\count191
\c@table=\count192
\abovecaptionskip=\skip48
\belowcaptionskip=\skip49
\bibindent=\dimen140
) (/usr/share/texmf-dist/tex/latex/graphics/graphicx.sty
Package: graphicx 2021/09/16 v1.2d Enhanced LaTeX Graphics (DPC,SPQR)
 (/usr/share/texmf-dist/tex/latex/graphics/keyval.sty
Package: keyval 2022/05/29 v1.15 key=value parser (DPC)
\KV@toks@=\toks16
) (/usr/share/texmf-dist/tex/latex/graphics/graphics.sty
Package: graphics 2022/03/10 v1.4e Standard LaTeX Graphics (DPC,SPQR)
 (/usr/share/texmf-dist/tex/latex/graphics/trig.sty
Package: trig 2021/08/11 v1.11 sin cos tan (DPC)
) (/usr/share/texmf-dist/tex/latex/graphics-cfg/graphics.cfg
File: graphics.cfg 2016/06/04 v1.11 sample graphics configuration
)
Package graphics Info: Driver file: pdftex.def on input line 107.
 (/usr/share/texmf-dist/tex/latex/graphics-def/pdftex.def
File: pdftex.def 2022/09/22 v1.2b Graphics/color driver for pdftex
))
\Gin@req@height=\dimen141
\Gin@req@width=\dimen142
) (/usr/share/texmf-dist/tex/latex/wrapfig/wrapfig.sty
\wrapoverhang=\dimen143
\WF@size=\dimen144
\c@WF@wrappedlines=\count193
\WF@box=\box51
\WF@everypar=\toks17
Package: wrapfig 2003/01/31  v 3.6
) (/usr/share/texmf-dist/tex/latex/hyperref/hyperref.sty
Package: hyperref 2023-02-07 v7.00v Hypertext links for LaTeX
 (/usr/share/texmf-dist/tex/generic/ltxcmds/ltxcmds.sty
Package: ltxcmds 2020-05-10 v1.25 LaTeX kernel commands for general use (HO)
) (/usr/share/texmf-dist/tex/generic/iftex/iftex.sty
Package: iftex 2022/02/03 v1.0f TeX engine tests
) (/usr/share/texmf-dist/tex/generic/pdftexcmds/pdftexcmds.sty
Package: pdftexcmds 2020-06-27 v0.33 Utility functions of pdfTeX for LuaTeX (HO)
 (/usr/share/texmf-dist/tex/generic/infwarerr/infwarerr.sty
Package: infwarerr 2019/12/03 v1.5 Providing info/warning/error messages (HO)
)
Package pdftexcmds Info: \pdf@primitive is available.
Package pdftexcmds Info: \pdf@ifprimitive is available.
Package pdftexcmds Info: \pdfdraftmode found.
) (/usr/share/texmf-dist/tex/latex/kvsetkeys/kvsetkeys.sty
Package: kvsetkeys 2022-10-05 v1.19 Key value parser (HO)
) (/usr/share/texmf-dist/tex/generic/kvdefinekeys/kvdefinekeys.sty
Package: kvdefinekeys 2019-12-19 v1.6 Define keys (HO)
) (/usr/share/texmf-dist/tex/generic/pdfescape/pdfescape.sty
Package: pdfescape 2019/12/09 v1.15 Implements pdfTeX's escape features (HO)
) (/usr/share/texmf-dist/tex/latex/hycolor/hycolor.sty
Package: hycolor 2020-01-27 v1.10 Color options for hyperref/bookmark (HO)
) (/usr/share/texmf-dist/tex/latex/letltxmacro/letltxmacro.sty
Package: letltxmacro 2019/12/03 v1.6 Let assignment for LaTeX macros (HO)
) (/usr/share/texmf-dist/tex/latex/auxhook/auxhook.sty
Package: auxhook 2019-12-17 v1.6 Hooks for auxiliary files (HO)
) (/usr/share/texmf-dist/tex/latex/hyperref/nameref.sty
Package: nameref 2022-05-17 v2.50 Cross-referencing by name of section
 (/usr/share/texmf-dist/tex/latex/refcount/refcount.sty
Package: refcount 2019/12/15 v3.6 Data extraction from label references (HO)
) (/usr/share/texmf-dist/tex/generic/gettitlestring/gettitlestring.sty
Package: gettitlestring 2019/12/15 v1.6 Cleanup title references (HO)
 (/usr/share/texmf-dist/tex/latex/kvoptions/kvoptions.sty
Package: kvoptions 2022-06-15 v3.15 Key value format for package options (HO)
))
\c@section@level=\count194
)
\@linkdim=\dimen145
\Hy@linkcounter=\count195
\Hy@pagecounter=\count196
 (/usr/share/texmf-dist/tex/latex/hyperref/pd1enc.def
File: pd1enc.def 2023-02-07 v7.00v Hyperref: PDFDocEncoding definition (HO)
Now handling font encoding PD1 ...
... no UTF-8 mapping file for font encoding PD1
) (/usr/share/texmf-dist/tex/generic/intcalc/intcalc.sty
Package: intcalc 2019/12/15 v1.3 Expandable calculations with integers (HO)
) (/usr/share/texmf-dist/tex/generic/etexcmds/etexcmds.sty
Package: etexcmds 2019/12/15 v1.7 Avoid name clashes with e-TeX commands (HO)
)
\Hy@SavedSpaceFactor=\count197
 (/usr/share/texmf-dist/tex/latex/hyperref/puenc.def
File: puenc.def 2023-02-07 v7.00v Hyperref: PDF Unicode definition (HO)
Now handling font encoding PU ...
... no UTF-8 mapping file for font encoding PU
)
Package hyperref Info: Option `colorlinks' set `true' on input line 4060.
Package hyperref Info: Hyper figures OFF on input line 4177.
Package hyperref Info: Link nesting OFF on input line 4182.
Package hyperref Info: Hyper index ON on input line 4185.
Package hyperref Info: Plain pages OFF on input line 4192.
Package hyperref Info: Backreferencing OFF on input line 4197.
Package hyperref Info: Implicit mode ON; LaTeX internals redefined.
Package hyperref Info: Bookmarks ON on input line 4425.
\c@Hy@tempcnt=\count198
 (/usr/share/texmf-dist/tex/latex/url/url.sty
\Urlmuskip=\muskip16
Package: url 2013/09/16  ver 3.4  Verb mode for urls, etc.
)
LaTeX Info: Redefining \url on input line 4763.
\XeTeXLinkMargin=\dimen146
 (/usr/share/texmf-dist/tex/generic/bitset/bitset.sty
Package: bitset 2019/12/09 v1.3 Handle bit-vector datatype (HO)
 (/usr/share/texmf-dist/tex/generic/bigintcalc/bigintcalc.sty
Package: bigintcalc 2019/12/15 v1.5 Expandable calculations on big integers (HO)
))
\Fld@menulength=\count199
\Field@Width=\dimen147
\Fld@charsize=\dimen148
Package hyperref Info: Hyper figures OFF on input line 6042.
Package hyperref Info: Link nesting OFF on input line 6047.
Package hyperref Info: Hyper index ON on input line 6050.
Package hyperref Info: backreferencing OFF on input line 6057.
Package hyperref Info: Link coloring ON on input line 6060.
Package hyperref Info: Link coloring with OCG OFF on input line 6067.
Package hyperref Info: PDF/A mode OFF on input line 6072.
 (/usr/share/texmf-dist/tex/latex/base/atbegshi-ltx.sty
Package: atbegshi-ltx 2021/01/10 v1.0c Emulation of the original atbegshi
package with kernel methods
)
\Hy@abspage=\count266
\c@Item=\count267
\c@Hfootnote=\count268
)
Package hyperref Info: Driver (autodetected): hpdftex.
 (/usr/share/texmf-dist/tex/latex/hyperref/hpdftex.def
File: hpdftex.def 2023-02-07 v7.00v Hyperref driver for pdfTeX
 (/usr/share/texmf-dist/tex/latex/base/atveryend-ltx.sty
Package: atveryend-ltx 2020/08/19 v1.0a Emulation of the original atveryend package
with kernel methods
)
\Fld@listcount=\count269
\c@bookmark@seq@number=\count270
 (/usr/share/texmf-dist/tex/latex/rerunfilecheck/rerunfilecheck.sty
Package: rerunfilecheck 2022-07-10 v1.10 Rerun checks for auxiliary files (HO)
 (/usr/share/texmf-dist/tex/generic/uniquecounter/uniquecounter.sty
Package: uniquecounter 2019/12/15 v1.4 Provide unlimited unique counter (HO)
)
Package uniquecounter Info: New unique counter `rerunfilecheck' on input line 285.
)
\Hy@SectionHShift=\skip50
) (/usr/share/texmf-dist/tex/latex/xcolor/xcolor.sty
Package: xcolor 2022/06/12 v2.14 LaTeX color extensions (UK)
 (/usr/share/texmf-dist/tex/latex/graphics-cfg/color.cfg
File: color.cfg 2016/01/02 v1.6 sample color configuration
)
Package xcolor Info: Driver file: pdftex.def on input line 227.
 (/usr/share/texmf-dist/tex/latex/graphics/mathcolor.ltx)
Package xcolor Info: Model `cmy' substituted by `cmy0' on input line 1353.
Package xcolor Info: Model `hsb' substituted by `rgb' on input line 1357.
Package xcolor Info: Model `RGB' extended on input line 1369.
Package xcolor Info: Model `HTML' substituted by `rgb' on input line 1371.
Package xcolor Info: Model `Hsb' substituted by `hsb' on input line 1372.
Package xcolor Info: Model `tHsb' substituted by `hsb' on input line 1373.
Package xcolor Info: Model `HSB' substituted by `hsb' on input line 1374.
Package xcolor Info: Model `Gray' substituted by `gray' on input line 1375.
Package xcolor Info: Model `wave' substituted by `hsb' on input line 1376.
) (/usr/share/texmf-dist/tex/latex/listings/listings.sty
\lst@mode=\count271
\lst@gtempboxa=\box52
\lst@token=\toks18
\lst@length=\count272
\lst@currlwidth=\dimen149
\lst@column=\count273
\lst@pos=\count274
\lst@lostspace=\dimen150
\lst@width=\dimen151
\lst@newlines=\count275
\lst@lineno=\count276
\lst@maxwidth=\dimen152
 (/usr/share/texmf-dist/tex/latex/listings/lstmisc.sty
File: lstmisc.sty 2023/02/27 1.9 (Carsten Heinz)
\c@lstnumber=\count277
\lst@skipnumbers=\count278
\lst@framebox=\box53
) (/usr/share/texmf-dist/tex/latex/listings/listings.cfg
File: listings.cfg 2023/02/27 1.9 listings configuration
))
Package: listings 2023/02/27 1.9 (Carsten Heinz)
 (/usr/share/texmf-dist/tex/latex/caption/caption.sty
Package: caption 2023/03/12 v3.6j Customizing captions (AR)
 (/usr/share/texmf-dist/tex/latex/caption/caption3.sty
Package: caption3 2023/03/12 v2.4 caption3 kernel (AR)
\caption@tempdima=\dimen153
\captionmargin=\dimen154
\caption@leftmargin=\dimen155
\caption@rightmargin=\dimen156
\caption@width=\dimen157
\caption@indent=\dimen158
\caption@parindent=\dimen159
\caption@hangindent=\dimen160
Package caption Info: Standard document class detected.
)
\c@caption@flags=\count279
\c@continuedfloat=\count280
Package caption Info: hyperref package is loaded.
Package caption Info: listings package is loaded.
Package caption Info: wrapfig package is loaded.
) (/usr/share/texmf-dist/tex/latex/l3backend/l3backend-pdftex.def
File: l3backend-pdftex.def 2023-01-16 L3 backend support: PDF output (pdfTeX)
\l__color_backend_stack_int=\count281
\l__pdf_internal_box=\box54
) (./guide.aux)
\openout1 = `guide.aux'.

LaTeX Font Info:    Checking defaults for OML/cmm/m/it on input line 14.
LaTeX Font Info:    ... okay on input line 14.
LaTeX Font Info:    Checking defaults for OMS/cmsy/m/n on input line 14.
LaTeX Font Info:    ... okay on input line 14.
LaTeX Font Info:    Checking defaults for OT1/cmr/m/n on input line 14.
LaTeX Font Info:    ... okay on input line 14.
LaTeX Font Info:    Checking defaults for T1/cmr/m/n on input line 14.
LaTeX Font Info:    ... okay on input line 14.
LaTeX Font Info:    Checking defaults for TS1/cmr/m/n on input line 14.
LaTeX Font Info:    ... okay on input line 14.
LaTeX Font Info:    Checking defaults for OMX/cmex/m/n on input line 14.
LaTeX Font Info:    ... okay on input line 14.
LaTeX Font Info:    Checking defaults for U/cmr/m/n on input line 14.
LaTeX Font Info:    ... okay on input line 14.
LaTeX Font Info:    Checking defaults for PD1/pdf/m/n on input line 14.
LaTeX Font Info:    ... okay on input line 14.
LaTeX Font Info:    Checking defaults for PU/pdf/m/n on input line 14.
LaTeX Font Info:    ... okay on input line 14.
 (/usr/share/texmf-dist/tex/context/base/mkii/supp-pdf.mkii
[Loading MPS to PDF converter (version 2006.09.02).]
\scratchcounter=\count282
\scratchdimen=\dimen161
\scratchbox=\box55
\nofMPsegments=\count283
\nofMParguments=\count284
\everyMPshowfont=\toks19
\MPscratchCnt=\count285
\MPscratchDim=\dimen162
\MPnumerator=\count286
\makeMPintoPDFobject=\count287
\everyMPtoPDFconversion=\toks20
) (/usr/share/texmf-dist/tex/latex/epstopdf-pkg/epstopdf-base.sty
Package: epstopdf-base 2020-01-24 v2.11 Base part for package epstopdf
Package epstopdf-base Info: Redefining graphics rule for `.eps' on input line 485.
 (/usr/share/texmf-dist/tex/latex/latexconfig/epstopdf-sys.cfg
File: epstopdf-sys.cfg 2010/07/13 v1.3 Configuration of (r)epstopdf for TeX Live
))
Package hyperref Info: Link coloring ON on input line 14.
 (./guide.out) (./guide.out)
\@outlinefile=\write3
\openout3 = `guide.out'.

\c@lstlisting=\count288
Package caption Info: Begin \AtBeginDocument code.
Package caption Info: End \AtBeginDocument code.
LaTeX Font Info:    External font `cmex10' loaded for size
(Font)              <14.4> on input line 16.
LaTeX Font Info:    External font `cmex10' loaded for size
(Font)              <7> on input line 16.
 [1

{/var/lib/texmf/fonts/map/pdftex/updmap/pdftex.map}] (./guide.toc
LaTeX Font Info:    External font `cmex10' loaded for size
(Font)              <12> on input line 2.
LaTeX Font Info:    External font `cmex10' loaded for size
(Font)              <8> on input line 2.
LaTeX Font Info:    External font `cmex10' loaded for size
(Font)              <6> on input line 2.
)
\tf@toc=\write4
\openout4 = `guide.toc'.

 [2] [3] [4] [5]
LaTeX Font Info:    External font `cmex10' loaded for size
(Font)              <5> on input line 93.
 [6]
<./images//1-1.png, id=93, 1134.48843pt x 377.15906pt>
File: ./images//1-1.png Graphic file (type png)
<use ./images//1-1.png>
Package pdftex.def Info: ./images//1-1.png  used on input line 97.
(pdftex.def)             Requested size: 390.0pt x 129.65385pt.
<./images//1-2.png, id=95, 1061.46562pt x 660.96938pt>
File: ./images//1-2.png Graphic file (type png)
<use ./images//1-2.png>
Package pdftex.def Info: ./images//1-2.png  used on input line 104.
(pdftex.def)             Requested size: 390.0pt x 242.85037pt.
 [7 <./images//1-1.png> <./images//1-2.png>]
<./images//1-3.png, id=110, 726.46407pt x 472.01344pt>
File: ./images//1-3.png Graphic file (type png)
<use ./images//1-3.png>
Package pdftex.def Info: ./images//1-3.png  used on input line 115.
(pdftex.def)             Requested size: 390.0pt x 253.40698pt.
 [8 <./images//1-3.png>]
<./images//1-4.png, id=121, 726.46407pt x 485.56406pt>
File: ./images//1-4.png Graphic file (type png)
<use ./images//1-4.png>
Package pdftex.def Info: ./images//1-4.png  used on input line 130.
(pdftex.def)             Requested size: 390.0pt x 260.68181pt.
 [9 <./images//1-4.png>]
<./images//1-6.png, id=132, 726.46407pt x 485.56406pt>
File: ./images//1-6.png Graphic file (type png)
<use ./images//1-6.png>
Package pdftex.def Info: ./images//1-6.png  used on input line 141.
(pdftex.def)             Requested size: 390.0pt x 260.68181pt.
 [10 <./images//1-6.png>]
<./images//1-7.png, id=139, 726.46407pt x 485.56406pt>
File: ./images//1-7.png Graphic file (type png)
<use ./images//1-7.png>
Package pdftex.def Info: ./images//1-7.png  used on input line 154.
(pdftex.def)             Requested size: 390.0pt x 260.68181pt.
 [11 <./images//1-7.png>]
<./images//1-8.png, id=147, 726.46407pt x 485.56406pt>
File: ./images//1-8.png Graphic file (type png)
<use ./images//1-8.png>
Package pdftex.def Info: ./images//1-8.png  used on input line 169.
(pdftex.def)             Requested size: 390.0pt x 260.68181pt.
 [12 <./images//1-8.png>]
<./images//1-9.png, id=156, 1061.46562pt x 660.96938pt>
File: ./images//1-9.png Graphic file (type png)
<use ./images//1-9.png>
Package pdftex.def Info: ./images//1-9.png  used on input line 178.
(pdftex.def)             Requested size: 390.0pt x 242.85037pt.
 [13 <./images//1-9.png>]
<./images//1-10.png, id=166, 639.89063pt x 458.46281pt>
File: ./images//1-10.png Graphic file (type png)
<use ./images//1-10.png>
Package pdftex.def Info: ./images//1-10.png  used on input line 191.
(pdftex.def)             Requested size: 390.0pt x 279.42406pt.
 [14 <./images//1-10.png>]
<./images//1-11.png, id=173, 1060.71281pt x 758.835pt>
File: ./images//1-11.png Graphic file (type png)
<use ./images//1-11.png>
Package pdftex.def Info: ./images//1-11.png  used on input line 210.
(pdftex.def)             Requested size: 390.0pt x 279.00456pt.
 [15 <./images//1-11.png>]
Overfull \hbox (2.70287pt too wide) in paragraph at lines 221--222
\OT1/cmr/m/n/12 will wipe the (cur-rently empty) vir-tual ma-chine drive and in-stall Ubuntu
 []

[16]
<./images//1-14.png, id=204, 1061.46562pt x 759.58781pt>
File: ./images//1-14.png Graphic file (type png)
<use ./images//1-14.png>
Package pdftex.def Info: ./images//1-14.png  used on input line 236.
(pdftex.def)             Requested size: 390.0pt x 279.08432pt.
 [17 <./images//1-14.png>]
File: ./images//1-14.png Graphic file (type png)
<use ./images//1-14.png>
Package pdftex.def Info: ./images//1-14.png  used on input line 248.
(pdftex.def)             Requested size: 390.0pt x 279.08432pt.
 [18]
<./images//2-1.png, id=217, 1061.46562pt x 759.58781pt>
File: ./images//2-1.png Graphic file (type png)
<use ./images//2-1.png>
Package pdftex.def Info: ./images//2-1.png  used on input line 266.
(pdftex.def)             Requested size: 390.0pt x 279.08432pt.
 [19 <./images//2-1.png>]
<./images//2-2.png, id=226, 1061.46562pt x 759.58781pt>
File: ./images//2-2.png Graphic file (type png)
<use ./images//2-2.png>
Package pdftex.def Info: ./images//2-2.png  used on input line 282.
(pdftex.def)             Requested size: 390.0pt x 279.08432pt.
 [20 <./images//2-2.png>]
<./images//2-3.png, id=237, 963.6pt x 640.64343pt>
File: ./images//2-3.png Graphic file (type png)
<use ./images//2-3.png>
Package pdftex.def Info: ./images//2-3.png  used on input line 298.
(pdftex.def)             Requested size: 390.0pt x 259.2832pt.
 [21 <./images//2-3.png>]
Overfull \hbox (13.50989pt too wide) in paragraph at lines 307--308
\OT1/cmr/bx/n/12 workspace \OT1/cmr/m/n/12 in the mid-dle of the screen. Gen-er-ally, you will use workspaces
 []


Overfull \hbox (1.39557pt too wide) in paragraph at lines 308--309
[]\OT1/cmr/bx/n/12 Next workspace: \OT1/cmr/m/n/12 You can see the (cur-rently empty) sec-ond workspace
 []

[22]
<./images//2-4.png, id=255, 869.2475pt x 607.26875pt>
File: ./images//2-4.png Graphic file (type png)
<use ./images//2-4.png>
Package pdftex.def Info: ./images//2-4.png  used on input line 327.
(pdftex.def)             Requested size: 390.0pt x 272.46225pt.
 [23 <./images//2-4.png>]
<./images//2-5.png, id=262, 869.2475pt x 607.26875pt>
File: ./images//2-5.png Graphic file (type png)
<use ./images//2-5.png>
Package pdftex.def Info: ./images//2-5.png  used on input line 344.
(pdftex.def)             Requested size: 390.0pt x 272.46225pt.
 [24{/usr/share/texmf-dist/fonts/enc/dvips/cm-super/cm-super-ts1.enc} <./images//2-5.png>] [25]
<./images//2-6.png, id=276, 869.2475pt x 607.26875pt>
File: ./images//2-6.png Graphic file (type png)
<use ./images//2-6.png>
Package pdftex.def Info: ./images//2-6.png  used on input line 367.
(pdftex.def)             Requested size: 390.0pt x 272.46225pt.
 [26 <./images//2-6.png>] (./guide.aux)
Package rerunfilecheck Info: File `guide.out' has not changed.
(rerunfilecheck)             Checksum: 8F080210EA4068CF2D44417D02BF1E9C;1866.
 ) 
Here is how much of TeX's memory you used:
 11604 strings out of 477985
 184444 string characters out of 5840058
 1858388 words of memory out of 5000000
 31575 multiletter control sequences out of 15000+600000
 518654 words of font info for 53 fonts, out of 8000000 for 9000
 14 hyphenation exceptions out of 8191
 75i,8n,76p,868b,521s stack positions out of 10000i,1000n,20000p,200000b,200000s
</usr/share/texmf-dist/fonts/type1/public/amsfonts/cm/cmbx12.pfb></usr/share/texmf-dist/fonts/type1/public/amsfonts/cm/cmr10.pfb></usr/share/texmf-dist/fonts/type1/public/amsfonts/cm/cmr12.pfb></usr/share/texmf-dist/fonts/type1/public/amsfonts/cm/cmr17.pfb></usr/share/texmf-dist/fonts/type1/public/amsfonts/cm/cmr7.pfb></usr/share/texmf-dist/fonts/type1/public/amsfonts/cm/cmr8.pfb></usr/share/texmf-dist/fonts/type1/public/amsfonts/cm/cmti10.pfb></usr/share/texmf-dist/fonts/type1/public/amsfonts/cm/cmti12.pfb></usr/share/texmf-dist/fonts/type1/public/amsfonts/cm/cmtt12.pfb></usr/share/texmf-dist/fonts/type1/public/cm-super/sfrm1200.pfb>
Output written on guide.pdf (26 pages, 2702228 bytes).
PDF statistics:
 352 PDF objects out of 1000 (max. 8388607)
 267 compressed objects within 3 object streams
 101 named destinations out of 1000 (max. 500000)
 166 words of extra memory for PDF output out of 10000 (max. 10000000)

